\BOOKMARK [0][-]{chapter.1}{Introduction}{}% 1
\BOOKMARK [1][-]{section.1.1}{Purposes\040of\040This\040Research}{chapter.1}% 2
\BOOKMARK [2][-]{subsection.1.1.1}{Improving\040Performance\040of\040Obtained\040Model}{section.1.1}% 3
\BOOKMARK [2][-]{subsection.1.1.2}{Finding\040Data\040from\040Target\040Class\040Faster}{section.1.1}% 4
\BOOKMARK [2][-]{subsection.1.1.3}{Tackling\040the\040Performance-Target\040Dilemma}{section.1.1}% 5
\BOOKMARK [1][-]{section.1.2}{Application\040Scenario}{chapter.1}% 6
\BOOKMARK [2][-]{subsection.1.2.1}{Improving\040Performance\040of\040Obtained\040Model}{section.1.2}% 7
\BOOKMARK [2][-]{subsection.1.2.2}{Finding\040Data\040from\040Target\040Class\040Faster}{section.1.2}% 8
\BOOKMARK [2][-]{subsection.1.2.3}{Tackling\040the\040Performance-Target\040Dilemma}{section.1.2}% 9
\BOOKMARK [1][-]{section.1.3}{Structure\040of\040This\040Thesis}{chapter.1}% 10
\BOOKMARK [0][-]{chapter.2}{Related\040Work}{}% 11
\BOOKMARK [1][-]{section.2.1}{Active\040Learning}{chapter.2}% 12
\BOOKMARK [1][-]{section.2.2}{Uncertainty\040Sampling}{chapter.2}% 13
\BOOKMARK [1][-]{section.2.3}{Balancing\040Exploration\040and\040Exploitation}{chapter.2}% 14
\BOOKMARK [1][-]{section.2.4}{Learning\040Active\040Learning\040from\040Data}{chapter.2}% 15
\BOOKMARK [1][-]{section.2.5}{Learning\040to\040Enumerate}{chapter.2}% 16
\BOOKMARK [1][-]{section.2.6}{Curriculum\040Learning}{chapter.2}% 17
\BOOKMARK [0][-]{chapter.3}{Problem\040Definition}{}% 18
\BOOKMARK [1][-]{section.3.1}{Metrics}{chapter.3}% 19
\BOOKMARK [1][-]{section.3.2}{Evaluation}{chapter.3}% 20
\BOOKMARK [2][-]{subsection.3.2.1}{Improving\040the\040Performance\040of\040Obtained\040Model}{section.3.2}% 21
\BOOKMARK [2][-]{subsection.3.2.2}{Finding\040Data\040from\040Target\040Class\040Faster}{section.3.2}% 22
\BOOKMARK [2][-]{subsection.3.2.3}{Tackling\040the\040Performance-Target\040Dilemma}{section.3.2}% 23
\BOOKMARK [0][-]{chapter.4}{Proposed\040Approaches}{}% 24
\BOOKMARK [1][-]{section.4.1}{Improving\040the\040Performance\040of\040Obtained\040Model}{chapter.4}% 25
\BOOKMARK [2][-]{subsection.4.1.1}{Base\040Approaches}{section.4.1}% 26
\BOOKMARK [2][-]{subsection.4.1.2}{Combination\040Approaches}{section.4.1}% 27
\BOOKMARK [1][-]{section.4.2}{Finding\040Data\040from\040Target\040Class\040Faster}{chapter.4}% 28
\BOOKMARK [1][-]{section.4.3}{Tackling\040the\040Performance-Target\040Dilemma}{chapter.4}% 29
\BOOKMARK [0][-]{chapter.5}{Experiments}{}% 30
\BOOKMARK [1][-]{section.5.1}{Datasets}{chapter.5}% 31
\BOOKMARK [2][-]{subsection.5.1.1}{Dataset\0401}{section.5.1}% 32
\BOOKMARK [2][-]{subsection.5.1.2}{Dataset\0402}{section.5.1}% 33
\BOOKMARK [1][-]{section.5.2}{Model\040Selection}{chapter.5}% 34
\BOOKMARK [1][-]{section.5.3}{Results}{chapter.5}% 35
\BOOKMARK [2][-]{subsection.5.3.1}{Dataset\0401}{section.5.3}% 36
\BOOKMARK [2][-]{subsection.5.3.2}{Dataset\0402}{section.5.3}% 37
\BOOKMARK [0][-]{chapter.6}{Discussion}{}% 38
\BOOKMARK [1][-]{section.6.1}{Conclusion}{chapter.6}% 39
\BOOKMARK [1][-]{section.6.2}{Further\040Issues}{chapter.6}% 40
\BOOKMARK [0][-]{chapter*.30}{Acknowledgements}{}% 41
\BOOKMARK [0][-]{chapter*.31}{Bibliography}{}% 42
